<?xml version="1.0" encoding="UTF-8"?>
<testsuite xmlns:xsi="http://www.w3.org/2001/XMLSchema-instance" xsi:noNamespaceSchemaLocation="https://maven.apache.org/surefire/maven-surefire-plugin/xsd/surefire-test-report.xsd" name="com.example.demo.AppTest" time="0.035" tests="1" errors="0" skipped="0" failures="0">
  <properties>
    <property name="java.specification.version" value="16"/>
    <property name="sun.cpu.isalist" value="amd64"/>
    <property name="sun.jnu.encoding" value="Cp1252"/>
    <property name="java.class.path" value="C:\Users\Njegos Puljanovic\eclipse-workspace\CustomUserProvider\target\test-classes;C:\Users\Njegos Puljanovic\eclipse-workspace\CustomUserProvider\target\classes;C:\Users\Njegos Puljanovic\.m2\repository\junit\junit\4.11\junit-4.11.jar;C:\Users\Njegos Puljanovic\.m2\repository\org\hamcrest\hamcrest-core\1.3\hamcrest-core-1.3.jar;C:\Users\Njegos Puljanovic\.m2\repository\org\keycloak\keycloak-core\12.0.2\keycloak-core-12.0.2.jar;C:\Users\Njegos Puljanovic\.m2\repository\org\keycloak\keycloak-common\12.0.2\keycloak-common-12.0.2.jar;C:\Users\Njegos Puljanovic\.m2\repository\com\sun\activation\jakarta.activation\1.2.1\jakarta.activation-1.2.1.jar;C:\Users\Njegos Puljanovic\.m2\repository\org\bouncycastle\bcprov-jdk15on\1.65\bcprov-jdk15on-1.65.jar;C:\Users\Njegos Puljanovic\.m2\repository\org\bouncycastle\bcpkix-jdk15on\1.65\bcpkix-jdk15on-1.65.jar;C:\Users\Njegos Puljanovic\.m2\repository\com\fasterxml\jackson\core\jackson-core\2.10.5\jackson-core-2.10.5.jar;C:\Users\Njegos Puljanovic\.m2\repository\org\keycloak\keycloak-server-spi\12.0.2\keycloak-server-spi-12.0.2.jar;C:\Users\Njegos Puljanovic\.m2\repository\org\keycloak\keycloak-server-spi-private\12.0.2\keycloak-server-spi-private-12.0.2.jar;C:\Users\Njegos Puljanovic\.m2\repository\com\github\ua-parser\uap-java\1.4.3\uap-java-1.4.3.jar;C:\Users\Njegos Puljanovic\.m2\repository\org\yaml\snakeyaml\1.20\snakeyaml-1.20.jar;C:\Users\Njegos Puljanovic\.m2\repository\org\apache\commons\commons-collections4\4.1\commons-collections4-4.1.jar;C:\Users\Njegos Puljanovic\.m2\repository\org\keycloak\keycloak-services\12.0.2\keycloak-services-12.0.2.jar;C:\Users\Njegos Puljanovic\.m2\repository\com\sun\mail\jakarta.mail\1.6.5\jakarta.mail-1.6.5.jar;C:\Users\Njegos Puljanovic\.m2\repository\org\glassfish\jakarta.json\1.1.6\jakarta.json-1.1.6.jar;C:\Users\Njegos Puljanovic\.m2\repository\org\twitter4j\twitter4j-core\4.0.7\twitter4j-core-4.0.7.jar;C:\Users\Njegos Puljanovic\.m2\repository\org\jboss\logging\jboss-logging\3.4.1.Final\jboss-logging-3.4.1.Final.jar;C:\Users\Njegos Puljanovic\.m2\repository\org\jboss\spec\javax\ws\rs\jboss-jaxrs-api_2.1_spec\2.0.1.Final\jboss-jaxrs-api_2.1_spec-2.0.1.Final.jar;C:\Users\Njegos Puljanovic\.m2\repository\org\jboss\spec\javax\transaction\jboss-transaction-api_1.3_spec\2.0.0.Final\jboss-transaction-api_1.3_spec-2.0.0.Final.jar;C:\Users\Njegos Puljanovic\.m2\repository\org\jboss\resteasy\resteasy-multipart-provider\3.13.2.Final\resteasy-multipart-provider-3.13.2.Final.jar;C:\Users\Njegos Puljanovic\.m2\repository\org\jboss\resteasy\resteasy-jaxrs\3.13.2.Final\resteasy-jaxrs-3.13.2.Final.jar;C:\Users\Njegos Puljanovic\.m2\repository\org\jboss\spec\javax\xml\bind\jboss-jaxb-api_2.3_spec\2.0.0.Final\jboss-jaxb-api_2.3_spec-2.0.0.Final.jar;C:\Users\Njegos Puljanovic\.m2\repository\org\reactivestreams\reactive-streams\1.0.3\reactive-streams-1.0.3.jar;C:\Users\Njegos Puljanovic\.m2\repository\jakarta\validation\jakarta.validation-api\2.0.2\jakarta.validation-api-2.0.2.jar;C:\Users\Njegos Puljanovic\.m2\repository\org\jboss\spec\javax\annotation\jboss-annotations-api_1.3_spec\2.0.1.Final\jboss-annotations-api_1.3_spec-2.0.1.Final.jar;C:\Users\Njegos Puljanovic\.m2\repository\com\github\stephenc\jcip\jcip-annotations\1.0-1\jcip-annotations-1.0-1.jar;C:\Users\Njegos Puljanovic\.m2\repository\org\jboss\resteasy\resteasy-client\3.13.2.Final\resteasy-client-3.13.2.Final.jar;C:\Users\Njegos Puljanovic\.m2\repository\org\jboss\resteasy\resteasy-jaxb-provider\3.13.2.Final\resteasy-jaxb-provider-3.13.2.Final.jar;C:\Users\Njegos Puljanovic\.m2\repository\org\apache\james\apache-mime4j\0.6\apache-mime4j-0.6.jar;C:\Users\Njegos Puljanovic\.m2\repository\com\googlecode\owasp-java-html-sanitizer\owasp-java-html-sanitizer\20191001.1\owasp-java-html-sanitizer-20191001.1.jar;C:\Users\Njegos Puljanovic\.m2\repository\com\google\guava\guava\27.1-jre\guava-27.1-jre.jar;C:\Users\Njegos Puljanovic\.m2\repository\com\google\guava\failureaccess\1.0.1\failureaccess-1.0.1.jar;C:\Users\Njegos Puljanovic\.m2\repository\com\google\guava\listenablefuture\9999.0-empty-to-avoid-conflict-with-guava\listenablefuture-9999.0-empty-to-avoid-conflict-with-guava.jar;C:\Users\Njegos Puljanovic\.m2\repository\com\google\code\findbugs\jsr305\3.0.2\jsr305-3.0.2.jar;C:\Users\Njegos Puljanovic\.m2\repository\org\checkerframework\checker-qual\2.5.2\checker-qual-2.5.2.jar;C:\Users\Njegos Puljanovic\.m2\repository\com\google\errorprone\error_prone_annotations\2.2.0\error_prone_annotations-2.2.0.jar;C:\Users\Njegos Puljanovic\.m2\repository\com\google\j2objc\j2objc-annotations\1.1\j2objc-annotations-1.1.jar;C:\Users\Njegos Puljanovic\.m2\repository\org\codehaus\mojo\animal-sniffer-annotations\1.17\animal-sniffer-annotations-1.17.jar;C:\Users\Njegos Puljanovic\.m2\repository\com\fasterxml\jackson\core\jackson-annotations\2.10.5\jackson-annotations-2.10.5.jar;C:\Users\Njegos Puljanovic\.m2\repository\com\fasterxml\jackson\datatype\jackson-datatype-jdk8\2.10.5\jackson-datatype-jdk8-2.10.5.jar;C:\Users\Njegos Puljanovic\.m2\repository\com\google\zxing\javase\3.4.0\javase-3.4.0.jar;C:\Users\Njegos Puljanovic\.m2\repository\com\google\zxing\core\3.4.0\core-3.4.0.jar;C:\Users\Njegos Puljanovic\.m2\repository\com\github\jai-imageio\jai-imageio-core\1.4.0\jai-imageio-core-1.4.0.jar;C:\Users\Njegos Puljanovic\.m2\repository\com\openshift\openshift-restclient-java\8.0.0.Final\openshift-restclient-java-8.0.0.Final.jar;C:\Users\Njegos Puljanovic\.m2\repository\com\squareup\okhttp3\okhttp\3.14.2\okhttp-3.14.2.jar;C:\Users\Njegos Puljanovic\.m2\repository\com\squareup\okio\okio\1.17.2\okio-1.17.2.jar;C:\Users\Njegos Puljanovic\.m2\repository\org\jboss\jboss-dmr\1.3.0.Final\jboss-dmr-1.3.0.Final.jar;C:\Users\Njegos Puljanovic\.m2\repository\org\apache\commons\commons-compress\1.18\commons-compress-1.18.jar;C:\Users\Njegos Puljanovic\.m2\repository\commons-io\commons-io\2.1\commons-io-2.1.jar;C:\Users\Njegos Puljanovic\.m2\repository\org\slf4j\slf4j-log4j12\1.6.4\slf4j-log4j12-1.6.4.jar;C:\Users\Njegos Puljanovic\.m2\repository\log4j\log4j\1.2.16\log4j-1.2.16.jar;C:\Users\Njegos Puljanovic\.m2\repository\commons-lang\commons-lang\2.6\commons-lang-2.6.jar;C:\Users\Njegos Puljanovic\.m2\repository\com\webauthn4j\webauthn4j-core\0.12.0.RELEASE\webauthn4j-core-0.12.0.RELEASE.jar;C:\Users\Njegos Puljanovic\.m2\repository\com\webauthn4j\webauthn4j-util\0.12.0.RELEASE\webauthn4j-util-0.12.0.RELEASE.jar;C:\Users\Njegos Puljanovic\.m2\repository\org\apache\kerby\kerby-asn1\2.0.0\kerby-asn1-2.0.0.jar;C:\Users\Njegos Puljanovic\.m2\repository\com\fasterxml\jackson\dataformat\jackson-dataformat-cbor\2.11.0\jackson-dataformat-cbor-2.11.0.jar;C:\Users\Njegos Puljanovic\.m2\repository\org\keycloak\keycloak-saml-core\12.0.2\keycloak-saml-core-12.0.2.jar;C:\Users\Njegos Puljanovic\.m2\repository\org\apache\santuario\xmlsec\2.1.4\xmlsec-2.1.4.jar;C:\Users\Njegos Puljanovic\.m2\repository\jakarta\xml\bind\jakarta.xml.bind-api\2.3.2\jakarta.xml.bind-api-2.3.2.jar;C:\Users\Njegos Puljanovic\.m2\repository\jakarta\activation\jakarta.activation-api\1.2.1\jakarta.activation-api-1.2.1.jar;C:\Users\Njegos Puljanovic\.m2\repository\org\glassfish\jaxb\jaxb-runtime\2.3.2\jaxb-runtime-2.3.2.jar;C:\Users\Njegos Puljanovic\.m2\repository\org\glassfish\jaxb\txw2\2.3.2\txw2-2.3.2.jar;C:\Users\Njegos Puljanovic\.m2\repository\com\sun\istack\istack-commons-runtime\3.0.8\istack-commons-runtime-3.0.8.jar;C:\Users\Njegos Puljanovic\.m2\repository\com\sun\xml\fastinfoset\FastInfoset\1.2.16\FastInfoset-1.2.16.jar;C:\Users\Njegos Puljanovic\.m2\repository\javax\xml\bind\jaxb-api\2.4.0-b180830.0359\jaxb-api-2.4.0-b180830.0359.jar;C:\Users\Njegos Puljanovic\.m2\repository\javax\activation\javax.activation-api\1.2.0\javax.activation-api-1.2.0.jar;C:\Users\Njegos Puljanovic\.m2\repository\com\sun\xml\ws\rt\2.3.1\rt-2.3.1.jar;C:\Users\Njegos Puljanovic\.m2\repository\javax\annotation\javax.annotation-api\1.3.2\javax.annotation-api-1.3.2.jar;C:\Users\Njegos Puljanovic\.m2\repository\com\sun\xml\ws\policy\2.7.5\policy-2.7.5.jar;C:\Users\Njegos Puljanovic\.m2\repository\com\sun\activation\javax.activation\1.2.0\javax.activation-1.2.0.jar;C:\Users\Njegos Puljanovic\.m2\repository\org\glassfish\gmbal\gmbal-api-only\3.1.0-b001\gmbal-api-only-3.1.0-b001.jar;C:\Users\Njegos Puljanovic\.m2\repository\org\glassfish\external\management-api\3.0.0-b012\management-api-3.0.0-b012.jar;C:\Users\Njegos Puljanovic\.m2\repository\org\jvnet\staxex\stax-ex\1.8\stax-ex-1.8.jar;C:\Users\Njegos Puljanovic\.m2\repository\com\sun\xml\stream\buffer\streambuffer\1.5.6\streambuffer-1.5.6.jar;C:\Users\Njegos Puljanovic\.m2\repository\org\jvnet\mimepull\mimepull\1.9.10\mimepull-1.9.10.jar;C:\Users\Njegos Puljanovic\.m2\repository\org\codehaus\woodstox\stax2-api\4.1\stax2-api-4.1.jar;C:\Users\Njegos Puljanovic\.m2\repository\com\sun\xml\messaging\saaj\saaj-impl\1.5.0\saaj-impl-1.5.0.jar;C:\Users\Njegos Puljanovic\.m2\repository\javax\xml\ws\jaxws-api\2.3.1\jaxws-api-2.3.1.jar;C:\Users\Njegos Puljanovic\.m2\repository\javax\xml\soap\javax.xml.soap-api\1.4.0\javax.xml.soap-api-1.4.0.jar;C:\Users\Njegos Puljanovic\.m2\repository\javax\jws\javax.jws-api\1.1\javax.jws-api-1.1.jar;C:\Users\Njegos Puljanovic\.m2\repository\org\keycloak\keycloak-saml-adapter-core\12.0.2\keycloak-saml-adapter-core-12.0.2.jar;C:\Users\Njegos Puljanovic\.m2\repository\org\keycloak\keycloak-saml-adapter-api-public\12.0.2\keycloak-saml-adapter-api-public-12.0.2.jar;C:\Users\Njegos Puljanovic\.m2\repository\org\keycloak\keycloak-saml-core-public\12.0.2\keycloak-saml-core-public-12.0.2.jar;C:\Users\Njegos Puljanovic\.m2\repository\org\slf4j\slf4j-api\2.0.0-alpha2\slf4j-api-2.0.0-alpha2.jar;C:\Users\Njegos Puljanovic\.m2\repository\org\apache\httpcomponents\httpclient\4.5.13\httpclient-4.5.13.jar;C:\Users\Njegos Puljanovic\.m2\repository\org\apache\httpcomponents\httpcore\4.4.13\httpcore-4.4.13.jar;C:\Users\Njegos Puljanovic\.m2\repository\commons-logging\commons-logging\1.2\commons-logging-1.2.jar;C:\Users\Njegos Puljanovic\.m2\repository\commons-codec\commons-codec\1.11\commons-codec-1.11.jar;C:\Users\Njegos Puljanovic\.m2\repository\com\fasterxml\jackson\core\jackson-databind\2.12.4\jackson-databind-2.12.4.jar;"/>
    <property name="java.vm.vendor" value="Oracle Corporation"/>
    <property name="sun.arch.data.model" value="64"/>
    <property name="user.variant" value=""/>
    <property name="java.vendor.url" value="https://java.oracle.com/"/>
    <property name="user.timezone" value="Europe/Warsaw"/>
    <property name="os.name" value="Windows 10"/>
    <property name="java.vm.specification.version" value="16"/>
    <property name="sun.java.launcher" value="SUN_STANDARD"/>
    <property name="user.country" value="US"/>
    <property name="sun.boot.library.path" value="C:\Program Files\Java\jdk-16.0.1\bin"/>
    <property name="sun.java.command" value="C:\Users\NJEGOS~1\AppData\Local\Temp\surefire299479219414898933\surefirebooter2236739966555195817.jar C:\Users\Njegos Puljanovic\AppData\Local\Temp\surefire299479219414898933 2021-07-30T14-48-35_933-jvmRun1 surefire13852486811293371704tmp surefire_010552557487911126279tmp"/>
    <property name="jdk.debug" value="release"/>
    <property name="surefire.test.class.path" value="C:\Users\Njegos Puljanovic\eclipse-workspace\CustomUserProvider\target\test-classes;C:\Users\Njegos Puljanovic\eclipse-workspace\CustomUserProvider\target\classes;C:\Users\Njegos Puljanovic\.m2\repository\junit\junit\4.11\junit-4.11.jar;C:\Users\Njegos Puljanovic\.m2\repository\org\hamcrest\hamcrest-core\1.3\hamcrest-core-1.3.jar;C:\Users\Njegos Puljanovic\.m2\repository\org\keycloak\keycloak-core\12.0.2\keycloak-core-12.0.2.jar;C:\Users\Njegos Puljanovic\.m2\repository\org\keycloak\keycloak-common\12.0.2\keycloak-common-12.0.2.jar;C:\Users\Njegos Puljanovic\.m2\repository\com\sun\activation\jakarta.activation\1.2.1\jakarta.activation-1.2.1.jar;C:\Users\Njegos Puljanovic\.m2\repository\org\bouncycastle\bcprov-jdk15on\1.65\bcprov-jdk15on-1.65.jar;C:\Users\Njegos Puljanovic\.m2\repository\org\bouncycastle\bcpkix-jdk15on\1.65\bcpkix-jdk15on-1.65.jar;C:\Users\Njegos Puljanovic\.m2\repository\com\fasterxml\jackson\core\jackson-core\2.10.5\jackson-core-2.10.5.jar;C:\Users\Njegos Puljanovic\.m2\repository\org\keycloak\keycloak-server-spi\12.0.2\keycloak-server-spi-12.0.2.jar;C:\Users\Njegos Puljanovic\.m2\repository\org\keycloak\keycloak-server-spi-private\12.0.2\keycloak-server-spi-private-12.0.2.jar;C:\Users\Njegos Puljanovic\.m2\repository\com\github\ua-parser\uap-java\1.4.3\uap-java-1.4.3.jar;C:\Users\Njegos Puljanovic\.m2\repository\org\yaml\snakeyaml\1.20\snakeyaml-1.20.jar;C:\Users\Njegos Puljanovic\.m2\repository\org\apache\commons\commons-collections4\4.1\commons-collections4-4.1.jar;C:\Users\Njegos Puljanovic\.m2\repository\org\keycloak\keycloak-services\12.0.2\keycloak-services-12.0.2.jar;C:\Users\Njegos Puljanovic\.m2\repository\com\sun\mail\jakarta.mail\1.6.5\jakarta.mail-1.6.5.jar;C:\Users\Njegos Puljanovic\.m2\repository\org\glassfish\jakarta.json\1.1.6\jakarta.json-1.1.6.jar;C:\Users\Njegos Puljanovic\.m2\repository\org\twitter4j\twitter4j-core\4.0.7\twitter4j-core-4.0.7.jar;C:\Users\Njegos Puljanovic\.m2\repository\org\jboss\logging\jboss-logging\3.4.1.Final\jboss-logging-3.4.1.Final.jar;C:\Users\Njegos Puljanovic\.m2\repository\org\jboss\spec\javax\ws\rs\jboss-jaxrs-api_2.1_spec\2.0.1.Final\jboss-jaxrs-api_2.1_spec-2.0.1.Final.jar;C:\Users\Njegos Puljanovic\.m2\repository\org\jboss\spec\javax\transaction\jboss-transaction-api_1.3_spec\2.0.0.Final\jboss-transaction-api_1.3_spec-2.0.0.Final.jar;C:\Users\Njegos Puljanovic\.m2\repository\org\jboss\resteasy\resteasy-multipart-provider\3.13.2.Final\resteasy-multipart-provider-3.13.2.Final.jar;C:\Users\Njegos Puljanovic\.m2\repository\org\jboss\resteasy\resteasy-jaxrs\3.13.2.Final\resteasy-jaxrs-3.13.2.Final.jar;C:\Users\Njegos Puljanovic\.m2\repository\org\jboss\spec\javax\xml\bind\jboss-jaxb-api_2.3_spec\2.0.0.Final\jboss-jaxb-api_2.3_spec-2.0.0.Final.jar;C:\Users\Njegos Puljanovic\.m2\repository\org\reactivestreams\reactive-streams\1.0.3\reactive-streams-1.0.3.jar;C:\Users\Njegos Puljanovic\.m2\repository\jakarta\validation\jakarta.validation-api\2.0.2\jakarta.validation-api-2.0.2.jar;C:\Users\Njegos Puljanovic\.m2\repository\org\jboss\spec\javax\annotation\jboss-annotations-api_1.3_spec\2.0.1.Final\jboss-annotations-api_1.3_spec-2.0.1.Final.jar;C:\Users\Njegos Puljanovic\.m2\repository\com\github\stephenc\jcip\jcip-annotations\1.0-1\jcip-annotations-1.0-1.jar;C:\Users\Njegos Puljanovic\.m2\repository\org\jboss\resteasy\resteasy-client\3.13.2.Final\resteasy-client-3.13.2.Final.jar;C:\Users\Njegos Puljanovic\.m2\repository\org\jboss\resteasy\resteasy-jaxb-provider\3.13.2.Final\resteasy-jaxb-provider-3.13.2.Final.jar;C:\Users\Njegos Puljanovic\.m2\repository\org\apache\james\apache-mime4j\0.6\apache-mime4j-0.6.jar;C:\Users\Njegos Puljanovic\.m2\repository\com\googlecode\owasp-java-html-sanitizer\owasp-java-html-sanitizer\20191001.1\owasp-java-html-sanitizer-20191001.1.jar;C:\Users\Njegos Puljanovic\.m2\repository\com\google\guava\guava\27.1-jre\guava-27.1-jre.jar;C:\Users\Njegos Puljanovic\.m2\repository\com\google\guava\failureaccess\1.0.1\failureaccess-1.0.1.jar;C:\Users\Njegos Puljanovic\.m2\repository\com\google\guava\listenablefuture\9999.0-empty-to-avoid-conflict-with-guava\listenablefuture-9999.0-empty-to-avoid-conflict-with-guava.jar;C:\Users\Njegos Puljanovic\.m2\repository\com\google\code\findbugs\jsr305\3.0.2\jsr305-3.0.2.jar;C:\Users\Njegos Puljanovic\.m2\repository\org\checkerframework\checker-qual\2.5.2\checker-qual-2.5.2.jar;C:\Users\Njegos Puljanovic\.m2\repository\com\google\errorprone\error_prone_annotations\2.2.0\error_prone_annotations-2.2.0.jar;C:\Users\Njegos Puljanovic\.m2\repository\com\google\j2objc\j2objc-annotations\1.1\j2objc-annotations-1.1.jar;C:\Users\Njegos Puljanovic\.m2\repository\org\codehaus\mojo\animal-sniffer-annotations\1.17\animal-sniffer-annotations-1.17.jar;C:\Users\Njegos Puljanovic\.m2\repository\com\fasterxml\jackson\core\jackson-annotations\2.10.5\jackson-annotations-2.10.5.jar;C:\Users\Njegos Puljanovic\.m2\repository\com\fasterxml\jackson\datatype\jackson-datatype-jdk8\2.10.5\jackson-datatype-jdk8-2.10.5.jar;C:\Users\Njegos Puljanovic\.m2\repository\com\google\zxing\javase\3.4.0\javase-3.4.0.jar;C:\Users\Njegos Puljanovic\.m2\repository\com\google\zxing\core\3.4.0\core-3.4.0.jar;C:\Users\Njegos Puljanovic\.m2\repository\com\github\jai-imageio\jai-imageio-core\1.4.0\jai-imageio-core-1.4.0.jar;C:\Users\Njegos Puljanovic\.m2\repository\com\openshift\openshift-restclient-java\8.0.0.Final\openshift-restclient-java-8.0.0.Final.jar;C:\Users\Njegos Puljanovic\.m2\repository\com\squareup\okhttp3\okhttp\3.14.2\okhttp-3.14.2.jar;C:\Users\Njegos Puljanovic\.m2\repository\com\squareup\okio\okio\1.17.2\okio-1.17.2.jar;C:\Users\Njegos Puljanovic\.m2\repository\org\jboss\jboss-dmr\1.3.0.Final\jboss-dmr-1.3.0.Final.jar;C:\Users\Njegos Puljanovic\.m2\repository\org\apache\commons\commons-compress\1.18\commons-compress-1.18.jar;C:\Users\Njegos Puljanovic\.m2\repository\commons-io\commons-io\2.1\commons-io-2.1.jar;C:\Users\Njegos Puljanovic\.m2\repository\org\slf4j\slf4j-log4j12\1.6.4\slf4j-log4j12-1.6.4.jar;C:\Users\Njegos Puljanovic\.m2\repository\log4j\log4j\1.2.16\log4j-1.2.16.jar;C:\Users\Njegos Puljanovic\.m2\repository\commons-lang\commons-lang\2.6\commons-lang-2.6.jar;C:\Users\Njegos Puljanovic\.m2\repository\com\webauthn4j\webauthn4j-core\0.12.0.RELEASE\webauthn4j-core-0.12.0.RELEASE.jar;C:\Users\Njegos Puljanovic\.m2\repository\com\webauthn4j\webauthn4j-util\0.12.0.RELEASE\webauthn4j-util-0.12.0.RELEASE.jar;C:\Users\Njegos Puljanovic\.m2\repository\org\apache\kerby\kerby-asn1\2.0.0\kerby-asn1-2.0.0.jar;C:\Users\Njegos Puljanovic\.m2\repository\com\fasterxml\jackson\dataformat\jackson-dataformat-cbor\2.11.0\jackson-dataformat-cbor-2.11.0.jar;C:\Users\Njegos Puljanovic\.m2\repository\org\keycloak\keycloak-saml-core\12.0.2\keycloak-saml-core-12.0.2.jar;C:\Users\Njegos Puljanovic\.m2\repository\org\apache\santuario\xmlsec\2.1.4\xmlsec-2.1.4.jar;C:\Users\Njegos Puljanovic\.m2\repository\jakarta\xml\bind\jakarta.xml.bind-api\2.3.2\jakarta.xml.bind-api-2.3.2.jar;C:\Users\Njegos Puljanovic\.m2\repository\jakarta\activation\jakarta.activation-api\1.2.1\jakarta.activation-api-1.2.1.jar;C:\Users\Njegos Puljanovic\.m2\repository\org\glassfish\jaxb\jaxb-runtime\2.3.2\jaxb-runtime-2.3.2.jar;C:\Users\Njegos Puljanovic\.m2\repository\org\glassfish\jaxb\txw2\2.3.2\txw2-2.3.2.jar;C:\Users\Njegos Puljanovic\.m2\repository\com\sun\istack\istack-commons-runtime\3.0.8\istack-commons-runtime-3.0.8.jar;C:\Users\Njegos Puljanovic\.m2\repository\com\sun\xml\fastinfoset\FastInfoset\1.2.16\FastInfoset-1.2.16.jar;C:\Users\Njegos Puljanovic\.m2\repository\javax\xml\bind\jaxb-api\2.4.0-b180830.0359\jaxb-api-2.4.0-b180830.0359.jar;C:\Users\Njegos Puljanovic\.m2\repository\javax\activation\javax.activation-api\1.2.0\javax.activation-api-1.2.0.jar;C:\Users\Njegos Puljanovic\.m2\repository\com\sun\xml\ws\rt\2.3.1\rt-2.3.1.jar;C:\Users\Njegos Puljanovic\.m2\repository\javax\annotation\javax.annotation-api\1.3.2\javax.annotation-api-1.3.2.jar;C:\Users\Njegos Puljanovic\.m2\repository\com\sun\xml\ws\policy\2.7.5\policy-2.7.5.jar;C:\Users\Njegos Puljanovic\.m2\repository\com\sun\activation\javax.activation\1.2.0\javax.activation-1.2.0.jar;C:\Users\Njegos Puljanovic\.m2\repository\org\glassfish\gmbal\gmbal-api-only\3.1.0-b001\gmbal-api-only-3.1.0-b001.jar;C:\Users\Njegos Puljanovic\.m2\repository\org\glassfish\external\management-api\3.0.0-b012\management-api-3.0.0-b012.jar;C:\Users\Njegos Puljanovic\.m2\repository\org\jvnet\staxex\stax-ex\1.8\stax-ex-1.8.jar;C:\Users\Njegos Puljanovic\.m2\repository\com\sun\xml\stream\buffer\streambuffer\1.5.6\streambuffer-1.5.6.jar;C:\Users\Njegos Puljanovic\.m2\repository\org\jvnet\mimepull\mimepull\1.9.10\mimepull-1.9.10.jar;C:\Users\Njegos Puljanovic\.m2\repository\org\codehaus\woodstox\stax2-api\4.1\stax2-api-4.1.jar;C:\Users\Njegos Puljanovic\.m2\repository\com\sun\xml\messaging\saaj\saaj-impl\1.5.0\saaj-impl-1.5.0.jar;C:\Users\Njegos Puljanovic\.m2\repository\javax\xml\ws\jaxws-api\2.3.1\jaxws-api-2.3.1.jar;C:\Users\Njegos Puljanovic\.m2\repository\javax\xml\soap\javax.xml.soap-api\1.4.0\javax.xml.soap-api-1.4.0.jar;C:\Users\Njegos Puljanovic\.m2\repository\javax\jws\javax.jws-api\1.1\javax.jws-api-1.1.jar;C:\Users\Njegos Puljanovic\.m2\repository\org\keycloak\keycloak-saml-adapter-core\12.0.2\keycloak-saml-adapter-core-12.0.2.jar;C:\Users\Njegos Puljanovic\.m2\repository\org\keycloak\keycloak-saml-adapter-api-public\12.0.2\keycloak-saml-adapter-api-public-12.0.2.jar;C:\Users\Njegos Puljanovic\.m2\repository\org\keycloak\keycloak-saml-core-public\12.0.2\keycloak-saml-core-public-12.0.2.jar;C:\Users\Njegos Puljanovic\.m2\repository\org\slf4j\slf4j-api\2.0.0-alpha2\slf4j-api-2.0.0-alpha2.jar;C:\Users\Njegos Puljanovic\.m2\repository\org\apache\httpcomponents\httpclient\4.5.13\httpclient-4.5.13.jar;C:\Users\Njegos Puljanovic\.m2\repository\org\apache\httpcomponents\httpcore\4.4.13\httpcore-4.4.13.jar;C:\Users\Njegos Puljanovic\.m2\repository\commons-logging\commons-logging\1.2\commons-logging-1.2.jar;C:\Users\Njegos Puljanovic\.m2\repository\commons-codec\commons-codec\1.11\commons-codec-1.11.jar;C:\Users\Njegos Puljanovic\.m2\repository\com\fasterxml\jackson\core\jackson-databind\2.12.4\jackson-databind-2.12.4.jar;"/>
    <property name="sun.cpu.endian" value="little"/>
    <property name="user.home" value="C:\Users\Njegos Puljanovic"/>
    <property name="user.language" value="en"/>
    <property name="java.specification.vendor" value="Oracle Corporation"/>
    <property name="java.version.date" value="2021-04-20"/>
    <property name="java.home" value="C:\Program Files\Java\jdk-16.0.1"/>
    <property name="file.separator" value="\"/>
    <property name="basedir" value="C:\Users\Njegos Puljanovic\eclipse-workspace\CustomUserProvider"/>
    <property name="java.vm.compressedOopsMode" value="Zero based"/>
    <property name="line.separator" value="&#10;"/>
    <property name="java.vm.specification.vendor" value="Oracle Corporation"/>
    <property name="java.specification.name" value="Java Platform API Specification"/>
    <property name="surefire.real.class.path" value="C:\Users\NJEGOS~1\AppData\Local\Temp\surefire299479219414898933\surefirebooter2236739966555195817.jar"/>
    <property name="user.script" value=""/>
    <property name="sun.management.compiler" value="HotSpot 64-Bit Tiered Compilers"/>
    <property name="java.runtime.version" value="16.0.1+9-24"/>
    <property name="user.name" value="Njegos Puljanovic"/>
    <property name="path.separator" value=";"/>
    <property name="os.version" value="10.0"/>
    <property name="java.runtime.name" value="Java(TM) SE Runtime Environment"/>
    <property name="file.encoding" value="Cp1252"/>
    <property name="java.vm.name" value="Java HotSpot(TM) 64-Bit Server VM"/>
    <property name="localRepository" value="C:\Users\Njegos Puljanovic\.m2\repository"/>
    <property name="java.vendor.url.bug" value="https://bugreport.java.com/bugreport/"/>
    <property name="java.io.tmpdir" value="C:\Users\NJEGOS~1\AppData\Local\Temp\"/>
    <property name="java.version" value="16.0.1"/>
    <property name="user.dir" value="C:\Users\Njegos Puljanovic\eclipse-workspace\CustomUserProvider"/>
    <property name="os.arch" value="amd64"/>
    <property name="java.vm.specification.name" value="Java Virtual Machine Specification"/>
    <property name="sun.os.patch.level" value=""/>
    <property name="java.library.path" value="C:\Program Files\Java\jdk-16.0.1\bin;C:\Windows\Sun\Java\bin;C:\Windows\system32;C:\Windows;C:\Program Files\Java\jdk-16.0.1\bin;C:\Program Files\apache-maven-3.8.1\bin;C:\Program Files\nodejs\;C:\Program Files\Git\bin\;C:\Windows\system32;C:\Users\Njegos Puljanovic\AppData\Local\Microsoft\WindowsApps;;C:\Users\Njegos Puljanovic\AppData\Local\Programs\Microsoft VS Code\bin;C:\Users\Njegos Puljanovic\AppData\Roaming\npm;."/>
    <property name="java.vm.info" value="mixed mode, sharing"/>
    <property name="java.vendor" value="Oracle Corporation"/>
    <property name="java.vm.version" value="16.0.1+9-24"/>
    <property name="sun.io.unicode.encoding" value="UnicodeLittle"/>
    <property name="java.class.version" value="60.0"/>
  </properties>
  <testcase name="shouldAnswerWithTrue" classname="com.example.demo.AppTest" time="0.001"/>
</testsuite>