<?xml version="1.0" encoding="UTF-8"?>
<testsuite xmlns:xsi="http://www.w3.org/2001/XMLSchema-instance" xsi:noNamespaceSchemaLocation="https://maven.apache.org/surefire/maven-surefire-plugin/xsd/surefire-test-report.xsd" name="com.example.demo.AppTest" time="0.038" tests="1" errors="0" skipped="0" failures="0">
  <properties>
    <property name="java.specification.version" value="16"/>
    <property name="sun.cpu.isalist" value="amd64"/>
    <property name="sun.jnu.encoding" value="Cp1252"/>
    <property name="java.class.path" value="C:\Users\Njegos Puljanovic\eclipse-workspace\CustomUserProvider\target\test-classes;C:\Users\Njegos Puljanovic\eclipse-workspace\CustomUserProvider\target\classes;C:\Users\Njegos Puljanovic\.m2\repository\junit\junit\4.11\junit-4.11.jar;C:\Users\Njegos Puljanovic\.m2\repository\org\hamcrest\hamcrest-core\1.3\hamcrest-core-1.3.jar;C:\Users\Njegos Puljanovic\.m2\repository\org\keycloak\keycloak-core\12.0.2\keycloak-core-12.0.2.jar;C:\Users\Njegos Puljanovic\.m2\repository\org\keycloak\keycloak-common\12.0.2\keycloak-common-12.0.2.jar;C:\Users\Njegos Puljanovic\.m2\repository\com\sun\activation\jakarta.activation\1.2.1\jakarta.activation-1.2.1.jar;C:\Users\Njegos Puljanovic\.m2\repository\org\bouncycastle\bcprov-jdk15on\1.65\bcprov-jdk15on-1.65.jar;C:\Users\Njegos Puljanovic\.m2\repository\org\bouncycastle\bcpkix-jdk15on\1.65\bcpkix-jdk15on-1.65.jar;C:\Users\Njegos Puljanovic\.m2\repository\com\fasterxml\jackson\core\jackson-core\2.10.5\jackson-core-2.10.5.jar;C:\Users\Njegos Puljanovic\.m2\repository\com\fasterxml\jackson\core\jackson-databind\2.10.5\jackson-databind-2.10.5.jar;C:\Users\Njegos Puljanovic\.m2\repository\com\fasterxml\jackson\core\jackson-annotations\2.10.5\jackson-annotations-2.10.5.jar;C:\Users\Njegos Puljanovic\.m2\repository\org\keycloak\keycloak-server-spi\12.0.2\keycloak-server-spi-12.0.2.jar;C:\Users\Njegos Puljanovic\.m2\repository\org\slf4j\slf4j-api\2.0.0-alpha2\slf4j-api-2.0.0-alpha2.jar;C:\Users\Njegos Puljanovic\.m2\repository\org\apache\httpcomponents\httpclient\4.5.13\httpclient-4.5.13.jar;C:\Users\Njegos Puljanovic\.m2\repository\org\apache\httpcomponents\httpcore\4.4.13\httpcore-4.4.13.jar;C:\Users\Njegos Puljanovic\.m2\repository\commons-logging\commons-logging\1.2\commons-logging-1.2.jar;C:\Users\Njegos Puljanovic\.m2\repository\commons-codec\commons-codec\1.11\commons-codec-1.11.jar;"/>
    <property name="java.vm.vendor" value="Oracle Corporation"/>
    <property name="sun.arch.data.model" value="64"/>
    <property name="user.variant" value=""/>
    <property name="java.vendor.url" value="https://java.oracle.com/"/>
    <property name="user.timezone" value="Europe/Warsaw"/>
    <property name="os.name" value="Windows 10"/>
    <property name="java.vm.specification.version" value="16"/>
    <property name="sun.java.launcher" value="SUN_STANDARD"/>
    <property name="user.country" value="US"/>
    <property name="sun.boot.library.path" value="C:\Program Files\Java\jdk-16.0.1\bin"/>
    <property name="sun.java.command" value="C:\Users\NJEGOS~1\AppData\Local\Temp\surefire12359305604086556000\surefirebooter14819366699556581006.jar C:\Users\Njegos Puljanovic\AppData\Local\Temp\surefire12359305604086556000 2021-07-28T14-25-05_017-jvmRun1 surefire11388246023803092778tmp surefire_05069232632250616218tmp"/>
    <property name="jdk.debug" value="release"/>
    <property name="surefire.test.class.path" value="C:\Users\Njegos Puljanovic\eclipse-workspace\CustomUserProvider\target\test-classes;C:\Users\Njegos Puljanovic\eclipse-workspace\CustomUserProvider\target\classes;C:\Users\Njegos Puljanovic\.m2\repository\junit\junit\4.11\junit-4.11.jar;C:\Users\Njegos Puljanovic\.m2\repository\org\hamcrest\hamcrest-core\1.3\hamcrest-core-1.3.jar;C:\Users\Njegos Puljanovic\.m2\repository\org\keycloak\keycloak-core\12.0.2\keycloak-core-12.0.2.jar;C:\Users\Njegos Puljanovic\.m2\repository\org\keycloak\keycloak-common\12.0.2\keycloak-common-12.0.2.jar;C:\Users\Njegos Puljanovic\.m2\repository\com\sun\activation\jakarta.activation\1.2.1\jakarta.activation-1.2.1.jar;C:\Users\Njegos Puljanovic\.m2\repository\org\bouncycastle\bcprov-jdk15on\1.65\bcprov-jdk15on-1.65.jar;C:\Users\Njegos Puljanovic\.m2\repository\org\bouncycastle\bcpkix-jdk15on\1.65\bcpkix-jdk15on-1.65.jar;C:\Users\Njegos Puljanovic\.m2\repository\com\fasterxml\jackson\core\jackson-core\2.10.5\jackson-core-2.10.5.jar;C:\Users\Njegos Puljanovic\.m2\repository\com\fasterxml\jackson\core\jackson-databind\2.10.5\jackson-databind-2.10.5.jar;C:\Users\Njegos Puljanovic\.m2\repository\com\fasterxml\jackson\core\jackson-annotations\2.10.5\jackson-annotations-2.10.5.jar;C:\Users\Njegos Puljanovic\.m2\repository\org\keycloak\keycloak-server-spi\12.0.2\keycloak-server-spi-12.0.2.jar;C:\Users\Njegos Puljanovic\.m2\repository\org\slf4j\slf4j-api\2.0.0-alpha2\slf4j-api-2.0.0-alpha2.jar;C:\Users\Njegos Puljanovic\.m2\repository\org\apache\httpcomponents\httpclient\4.5.13\httpclient-4.5.13.jar;C:\Users\Njegos Puljanovic\.m2\repository\org\apache\httpcomponents\httpcore\4.4.13\httpcore-4.4.13.jar;C:\Users\Njegos Puljanovic\.m2\repository\commons-logging\commons-logging\1.2\commons-logging-1.2.jar;C:\Users\Njegos Puljanovic\.m2\repository\commons-codec\commons-codec\1.11\commons-codec-1.11.jar;"/>
    <property name="sun.cpu.endian" value="little"/>
    <property name="user.home" value="C:\Users\Njegos Puljanovic"/>
    <property name="user.language" value="en"/>
    <property name="java.specification.vendor" value="Oracle Corporation"/>
    <property name="java.version.date" value="2021-04-20"/>
    <property name="java.home" value="C:\Program Files\Java\jdk-16.0.1"/>
    <property name="file.separator" value="\"/>
    <property name="basedir" value="C:\Users\Njegos Puljanovic\eclipse-workspace\CustomUserProvider"/>
    <property name="java.vm.compressedOopsMode" value="Zero based"/>
    <property name="line.separator" value="&#10;"/>
    <property name="java.vm.specification.vendor" value="Oracle Corporation"/>
    <property name="java.specification.name" value="Java Platform API Specification"/>
    <property name="surefire.real.class.path" value="C:\Users\NJEGOS~1\AppData\Local\Temp\surefire12359305604086556000\surefirebooter14819366699556581006.jar"/>
    <property name="user.script" value=""/>
    <property name="sun.management.compiler" value="HotSpot 64-Bit Tiered Compilers"/>
    <property name="java.runtime.version" value="16.0.1+9-24"/>
    <property name="user.name" value="Njegos Puljanovic"/>
    <property name="path.separator" value=";"/>
    <property name="os.version" value="10.0"/>
    <property name="java.runtime.name" value="Java(TM) SE Runtime Environment"/>
    <property name="file.encoding" value="Cp1252"/>
    <property name="java.vm.name" value="Java HotSpot(TM) 64-Bit Server VM"/>
    <property name="localRepository" value="C:\Users\Njegos Puljanovic\.m2\repository"/>
    <property name="java.vendor.url.bug" value="https://bugreport.java.com/bugreport/"/>
    <property name="java.io.tmpdir" value="C:\Users\NJEGOS~1\AppData\Local\Temp\"/>
    <property name="java.version" value="16.0.1"/>
    <property name="user.dir" value="C:\Users\Njegos Puljanovic\eclipse-workspace\CustomUserProvider"/>
    <property name="os.arch" value="amd64"/>
    <property name="java.vm.specification.name" value="Java Virtual Machine Specification"/>
    <property name="sun.os.patch.level" value=""/>
    <property name="java.library.path" value="C:\Program Files\Java\jdk-16.0.1\bin;C:\Windows\Sun\Java\bin;C:\Windows\system32;C:\Windows;C:\Program Files\Java\jdk-16.0.1\bin;C:\Program Files\apache-maven-3.8.1\bin;C:\Program Files\nodejs\;C:\Program Files\Git\bin\;C:\Windows\system32;C:\Users\Njegos Puljanovic\AppData\Local\Microsoft\WindowsApps;;C:\Users\Njegos Puljanovic\AppData\Local\Programs\Microsoft VS Code\bin;C:\Users\Njegos Puljanovic\AppData\Roaming\npm;."/>
    <property name="java.vm.info" value="mixed mode, sharing"/>
    <property name="java.vendor" value="Oracle Corporation"/>
    <property name="java.vm.version" value="16.0.1+9-24"/>
    <property name="sun.io.unicode.encoding" value="UnicodeLittle"/>
    <property name="java.class.version" value="60.0"/>
  </properties>
  <testcase name="shouldAnswerWithTrue" classname="com.example.demo.AppTest" time="0.002"/>
</testsuite>